mode: set
ultra-bis/internal/barcode/service.go:22.28,28.2 1 1
ultra-bis/internal/barcode/service.go:31.69,32.19 1 1
ultra-bis/internal/barcode/service.go:32.19,34.3 1 1
ultra-bis/internal/barcode/service.go:36.2,39.16 3 0
ultra-bis/internal/barcode/service.go:39.16,41.3 1 0
ultra-bis/internal/barcode/service.go:44.2,47.16 3 0
ultra-bis/internal/barcode/service.go:47.16,49.3 1 0
ultra-bis/internal/barcode/service.go:50.2,52.38 2 0
ultra-bis/internal/barcode/service.go:52.38,54.3 1 0
ultra-bis/internal/barcode/service.go:56.2,57.68 2 0
ultra-bis/internal/barcode/service.go:57.68,59.3 1 0
ultra-bis/internal/barcode/service.go:62.2,62.51 1 0
ultra-bis/internal/barcode/service.go:62.51,64.3 1 0
ultra-bis/internal/barcode/service.go:67.2,69.25 2 0
ultra-bis/internal/barcode/service.go:73.84,76.26 2 1
ultra-bis/internal/barcode/service.go:76.26,78.3 1 1
ultra-bis/internal/barcode/service.go:79.2,79.31 1 1
ultra-bis/internal/barcode/service.go:79.31,80.24 1 1
ultra-bis/internal/barcode/service.go:80.24,82.4 1 1
ultra-bis/internal/barcode/service.go:82.9,84.4 1 1
ultra-bis/internal/barcode/service.go:87.2,95.3 1 1
ultra-bis/internal/user/model.go:80.52,82.16 2 1
ultra-bis/internal/user/model.go:82.16,84.3 1 0
ultra-bis/internal/user/model.go:85.2,86.12 2 1
ultra-bis/internal/user/model.go:90.52,93.2 2 1
ultra-bis/internal/user/repository.go:16.45,18.2 1 1
ultra-bis/internal/user/repository.go:21.47,23.25 2 1
ultra-bis/internal/user/repository.go:23.25,25.3 1 1
ultra-bis/internal/user/repository.go:26.2,26.12 1 1
ultra-bis/internal/user/repository.go:30.54,34.53 3 1
ultra-bis/internal/user/repository.go:34.53,36.3 1 1
ultra-bis/internal/user/repository.go:37.2,37.25 1 1
ultra-bis/internal/user/repository.go:37.25,39.3 1 0
ultra-bis/internal/user/repository.go:41.2,41.19 1 1
ultra-bis/internal/user/repository.go:45.62,49.53 3 1
ultra-bis/internal/user/repository.go:49.53,51.3 1 1
ultra-bis/internal/user/repository.go:52.2,52.25 1 1
ultra-bis/internal/user/repository.go:52.25,54.3 1 0
ultra-bis/internal/user/repository.go:56.2,56.19 1 1
ultra-bis/internal/user/repository.go:60.47,62.25 2 1
ultra-bis/internal/user/repository.go:62.25,64.3 1 0
ultra-bis/internal/user/repository.go:65.2,65.12 1 1
ultra-bis/internal/user/repository.go:69.62,72.25 3 1
ultra-bis/internal/user/repository.go:72.25,74.3 1 0
ultra-bis/internal/user/repository.go:75.2,75.23 1 1
ultra-bis/cmd/api/main.go:20.13,23.16 2 0
ultra-bis/cmd/api/main.go:23.16,25.3 1 0
ultra-bis/cmd/api/main.go:28.2,28.52 1 0
ultra-bis/cmd/api/main.go:28.52,30.3 1 0
ultra-bis/cmd/api/main.go:33.2,33.62 1 0
ultra-bis/cmd/api/main.go:33.62,35.3 1 0
ultra-bis/cmd/api/main.go:38.2,38.68 1 0
ultra-bis/cmd/api/main.go:38.68,40.3 1 0
ultra-bis/cmd/api/main.go:43.2,52.16 2 0
ultra-bis/cmd/api/main.go:52.16,54.3 1 0
ultra-bis/cmd/api/main.go:55.2,92.73 24 0
ultra-bis/cmd/api/main.go:92.73,95.3 2 0
ultra-bis/cmd/api/main.go:98.2,156.69 56 0
ultra-bis/cmd/api/main.go:156.69,158.3 1 0
ultra-bis/cmd/api/main.go:162.46,164.17 2 0
ultra-bis/cmd/api/main.go:164.17,166.3 1 0
ultra-bis/cmd/api/main.go:167.2,167.14 1 0
ultra-bis/internal/database/migrate_custom_ingredients.go:28.50,32.48 2 0
ultra-bis/internal/database/migrate_custom_ingredients.go:32.48,43.41 3 0
ultra-bis/internal/database/migrate_custom_ingredients.go:43.41,45.4 1 0
ultra-bis/internal/database/migrate_custom_ingredients.go:47.3,47.17 1 0
ultra-bis/internal/database/migrate_custom_ingredients.go:47.17,52.25 1 0
ultra-bis/internal/database/migrate_custom_ingredients.go:52.25,54.5 1 0
ultra-bis/internal/database/migrate_custom_ingredients.go:55.4,55.62 1 0
ultra-bis/internal/database/migrate_custom_ingredients.go:56.9,58.4 1 0
ultra-bis/internal/database/migrate_custom_ingredients.go:61.3,74.45 3 0
ultra-bis/internal/database/migrate_custom_ingredients.go:74.45,76.4 1 0
ultra-bis/internal/database/migrate_custom_ingredients.go:78.3,81.39 2 0
ultra-bis/internal/database/migrate_custom_ingredients.go:81.39,107.60 2 0
ultra-bis/internal/database/migrate_custom_ingredients.go:107.60,109.13 2 0
ultra-bis/internal/database/migrate_custom_ingredients.go:112.4,112.29 1 0
ultra-bis/internal/database/migrate_custom_ingredients.go:112.29,114.13 2 0
ultra-bis/internal/database/migrate_custom_ingredients.go:118.4,119.36 2 0
ultra-bis/internal/database/migrate_custom_ingredients.go:119.36,121.5 1 0
ultra-bis/internal/database/migrate_custom_ingredients.go:123.4,123.30 1 0
ultra-bis/internal/database/migrate_custom_ingredients.go:123.30,125.13 2 0
ultra-bis/internal/database/migrate_custom_ingredients.go:129.4,133.36 3 0
ultra-bis/internal/database/migrate_custom_ingredients.go:133.36,149.5 3 0
ultra-bis/internal/database/migrate_custom_ingredients.go:152.4,153.18 2 0
ultra-bis/internal/database/migrate_custom_ingredients.go:153.18,155.13 2 0
ultra-bis/internal/database/migrate_custom_ingredients.go:159.4,163.58 1 0
ultra-bis/internal/database/migrate_custom_ingredients.go:163.58,165.13 2 0
ultra-bis/internal/database/migrate_custom_ingredients.go:169.4,169.22 1 0
ultra-bis/internal/database/migrate_custom_ingredients.go:169.22,171.5 1 0
ultra-bis/internal/database/migrate_custom_ingredients.go:174.3,176.13 2 0
ultra-bis/internal/database/migrate_custom_ingredients.go:181.38,183.2 1 0
ultra-bis/internal/database/migrate_remove_metrics_constraint.go:10.56,30.42 3 0
ultra-bis/internal/database/migrate_remove_metrics_constraint.go:30.42,33.3 2 0
ultra-bis/internal/database/migrate_remove_metrics_constraint.go:35.2,36.32 2 0
ultra-bis/internal/database/migrate_remove_metrics_constraint.go:36.32,38.3 1 0
ultra-bis/internal/database/migrate_remove_metrics_constraint.go:41.2,44.23 1 0
ultra-bis/internal/database/migrate_remove_metrics_constraint.go:44.23,47.3 2 0
ultra-bis/internal/database/migrate_remove_metrics_constraint.go:50.2,52.23 1 0
ultra-bis/internal/database/migrate_remove_metrics_constraint.go:52.23,55.3 2 0
ultra-bis/internal/database/migrate_remove_metrics_constraint.go:57.2,59.12 2 0
ultra-bis/internal/database/migrate_to_grams.go:16.40,20.48 2 0
ultra-bis/internal/database/migrate_to_grams.go:20.48,32.44 3 0
ultra-bis/internal/database/migrate_to_grams.go:32.44,34.4 1 0
ultra-bis/internal/database/migrate_to_grams.go:36.3,36.19 1 0
ultra-bis/internal/database/migrate_to_grams.go:36.19,41.25 1 0
ultra-bis/internal/database/migrate_to_grams.go:41.25,43.5 1 0
ultra-bis/internal/database/migrate_to_grams.go:45.4,48.25 1 0
ultra-bis/internal/database/migrate_to_grams.go:48.25,50.5 1 0
ultra-bis/internal/database/migrate_to_grams.go:52.4,52.87 1 0
ultra-bis/internal/database/migrate_to_grams.go:53.9,55.4 1 0
ultra-bis/internal/database/migrate_to_grams.go:58.3,67.49 3 0
ultra-bis/internal/database/migrate_to_grams.go:67.49,69.4 1 0
ultra-bis/internal/database/migrate_to_grams.go:71.3,71.24 1 0
ultra-bis/internal/database/migrate_to_grams.go:71.24,76.25 1 0
ultra-bis/internal/database/migrate_to_grams.go:76.25,78.5 1 0
ultra-bis/internal/database/migrate_to_grams.go:80.4,83.25 1 0
ultra-bis/internal/database/migrate_to_grams.go:83.25,85.5 1 0
ultra-bis/internal/database/migrate_to_grams.go:87.4,87.86 1 0
ultra-bis/internal/database/migrate_to_grams.go:88.9,90.4 1 0
ultra-bis/internal/database/migrate_to_grams.go:93.3,102.52 3 0
ultra-bis/internal/database/migrate_to_grams.go:102.52,104.4 1 0
ultra-bis/internal/database/migrate_to_grams.go:106.3,106.27 1 0
ultra-bis/internal/database/migrate_to_grams.go:106.27,110.25 1 0
ultra-bis/internal/database/migrate_to_grams.go:110.25,112.5 1 0
ultra-bis/internal/database/migrate_to_grams.go:114.4,114.60 1 0
ultra-bis/internal/database/migrate_to_grams.go:115.9,117.4 1 0
ultra-bis/internal/database/migrate_to_grams.go:121.3,134.24 2 0
ultra-bis/internal/database/migrate_to_grams.go:134.24,136.4 1 0
ultra-bis/internal/database/migrate_to_grams.go:143.3,153.45 2 0
ultra-bis/internal/database/migrate_to_grams.go:153.45,155.4 1 0
ultra-bis/internal/database/migrate_to_grams.go:157.3,157.39 1 0
ultra-bis/internal/database/migrate_to_grams.go:157.39,179.58 2 0
ultra-bis/internal/database/migrate_to_grams.go:179.58,181.5 1 0
ultra-bis/internal/database/migrate_to_grams.go:184.4,184.33 1 0
ultra-bis/internal/database/migrate_to_grams.go:184.33,203.25 2 0
ultra-bis/internal/database/migrate_to_grams.go:203.25,205.6 1 0
ultra-bis/internal/database/migrate_to_grams.go:209.3,223.13 8 0
ultra-bis/internal/database/postgres.go:14.34,27.16 8 0
ultra-bis/internal/database/postgres.go:27.16,29.3 1 0
ultra-bis/internal/database/postgres.go:31.2,32.16 2 0
ultra-bis/internal/database/postgres.go:36.46,38.17 2 0
ultra-bis/internal/database/postgres.go:38.17,40.3 1 0
ultra-bis/internal/database/postgres.go:41.2,41.14 1 0
ultra-bis/internal/middleware/logging.go:15.56,16.71 1 0
ultra-bis/internal/middleware/logging.go:16.71,20.27 2 0
ultra-bis/internal/middleware/logging.go:20.27,22.4 1 0
ultra-bis/internal/middleware/logging.go:22.9,24.4 1 0
ultra-bis/internal/middleware/logging.go:27.3,37.109 4 0
ultra-bis/internal/middleware/logging.go:48.57,51.2 2 0
ultra-bis/test/testutil/assertions.go:14.89,24.2 6 0
ultra-bis/test/testutil/assertions.go:27.112,39.2 8 0
ultra-bis/test/testutil/assertions.go:42.86,47.2 3 0
ultra-bis/test/testutil/assertions.go:50.119,58.2 6 0
ultra-bis/test/testutil/assertions.go:61.69,65.2 2 0
ultra-bis/test/testutil/assertions.go:68.65,72.2 2 0
ultra-bis/test/testutil/assertions.go:75.67,79.2 2 0
ultra-bis/test/testutil/assertions.go:82.51,88.2 3 0
ultra-bis/test/testutil/assertions.go:91.80,95.43 3 0
ultra-bis/test/testutil/assertions.go:95.43,97.3 1 0
ultra-bis/test/testutil/assertions.go:101.44,103.2 1 0
ultra-bis/test/testutil/assertions.go:106.91,114.2 5 0
ultra-bis/test/testutil/assertions.go:117.98,125.2 5 0
ultra-bis/test/testutil/assertions.go:128.53,132.2 2 0
ultra-bis/test/testutil/assertions.go:135.68,139.2 2 0
ultra-bis/test/testutil/assertions.go:142.71,146.2 2 0
ultra-bis/test/testutil/auth.go:11.72,15.16 3 0
ultra-bis/test/testutil/auth.go:15.16,17.3 1 0
ultra-bis/test/testutil/auth.go:19.2,19.14 1 0
ultra-bis/test/testutil/auth.go:24.75,31.16 3 0
ultra-bis/test/testutil/auth.go:31.16,33.3 1 0
ultra-bis/test/testutil/auth.go:37.2,37.14 1 0
ultra-bis/test/testutil/auth.go:41.51,43.2 1 0
ultra-bis/test/testutil/auth.go:46.114,50.16 3 0
ultra-bis/test/testutil/auth.go:50.16,52.3 1 0
ultra-bis/test/testutil/auth.go:54.2,57.12 3 0
ultra-bis/test/testutil/auth.go:61.24,63.2 1 0
ultra-bis/test/testutil/auth.go:66.29,68.2 1 0
ultra-bis/test/testutil/database.go:26.41,43.16 4 0
ultra-bis/test/testutil/database.go:43.16,45.3 1 0
ultra-bis/test/testutil/database.go:48.2,48.19 1 0
ultra-bis/test/testutil/database.go:48.19,49.52 1 0
ultra-bis/test/testutil/database.go:49.52,51.4 1 0
ultra-bis/test/testutil/database.go:55.2,56.16 2 0
ultra-bis/test/testutil/database.go:56.16,58.3 1 0
ultra-bis/test/testutil/database.go:61.2,64.16 2 0
ultra-bis/test/testutil/database.go:64.16,66.3 1 0
ultra-bis/test/testutil/database.go:68.2,68.11 1 0
ultra-bis/test/testutil/database.go:73.49,84.2 8 0
ultra-bis/test/testutil/database.go:87.51,91.2 2 0
ultra-bis/test/testutil/database.go:95.68,99.15 3 0
ultra-bis/test/testutil/database.go:99.15,100.31 1 0
ultra-bis/test/testutil/database.go:100.31,102.12 2 0
ultra-bis/test/testutil/database.go:106.2,107.15 2 0
ultra-bis/test/testutil/database.go:111.98,115.100 3 0
ultra-bis/test/testutil/database.go:115.100,117.3 1 0
ultra-bis/test/testutil/database.go:119.2,119.16 1 0
ultra-bis/test/testutil/database.go:119.16,121.3 1 0
ultra-bis/test/testutil/database.go:125.101,129.100 3 0
ultra-bis/test/testutil/database.go:129.100,131.3 1 0
ultra-bis/test/testutil/database.go:133.2,133.15 1 0
ultra-bis/test/testutil/database.go:133.15,135.3 1 0
ultra-bis/test/testutil/factories.go:13.47,21.2 1 0
ultra-bis/test/testutil/user_helpers.go:15.76,19.20 3 0
ultra-bis/test/testutil/user_helpers.go:19.20,21.3 1 0
ultra-bis/test/testutil/user_helpers.go:23.2,35.61 2 0
ultra-bis/test/testutil/user_helpers.go:35.61,37.3 1 0
ultra-bis/test/testutil/user_helpers.go:39.2,39.50 1 0
ultra-bis/test/testutil/user_helpers.go:39.50,41.3 1 0
ultra-bis/test/testutil/user_helpers.go:43.2,43.17 1 0
ultra-bis/test/testutil/user_helpers.go:47.127,62.61 3 0
ultra-bis/test/testutil/user_helpers.go:62.61,64.3 1 0
ultra-bis/test/testutil/user_helpers.go:66.2,66.50 1 0
ultra-bis/test/testutil/user_helpers.go:66.50,68.3 1 0
ultra-bis/test/testutil/user_helpers.go:70.2,70.17 1 0
ultra-bis/internal/metrics/handler.go:18.44,20.2 1 0
ultra-bis/internal/metrics/handler.go:28.69,32.2 3 0
ultra-bis/internal/metrics/handler.go:35.68,37.2 1 0
ultra-bis/internal/metrics/handler.go:40.72,41.33 1 0
ultra-bis/internal/metrics/handler.go:41.33,44.3 2 0
ultra-bis/internal/metrics/handler.go:46.2,47.9 2 0
ultra-bis/internal/metrics/handler.go:47.9,50.3 2 0
ultra-bis/internal/metrics/handler.go:52.2,53.61 2 0
ultra-bis/internal/metrics/handler.go:53.61,56.3 2 0
ultra-bis/internal/metrics/handler.go:59.2,59.21 1 0
ultra-bis/internal/metrics/handler.go:59.21,62.3 2 0
ultra-bis/internal/metrics/handler.go:65.2,66.20 2 0
ultra-bis/internal/metrics/handler.go:66.20,68.3 1 0
ultra-bis/internal/metrics/handler.go:68.8,71.17 3 0
ultra-bis/internal/metrics/handler.go:71.17,74.4 2 0
ultra-bis/internal/metrics/handler.go:78.2,79.16 2 0
ultra-bis/internal/metrics/handler.go:79.16,82.3 2 0
ultra-bis/internal/metrics/handler.go:84.2,84.27 1 0
ultra-bis/internal/metrics/handler.go:84.27,87.55 2 0
ultra-bis/internal/metrics/handler.go:87.55,90.4 2 0
ultra-bis/internal/metrics/handler.go:91.3,91.46 1 0
ultra-bis/internal/metrics/handler.go:92.8,100.47 2 0
ultra-bis/internal/metrics/handler.go:100.47,103.4 2 0
ultra-bis/internal/metrics/handler.go:104.3,104.43 1 0
ultra-bis/internal/metrics/handler.go:109.70,110.32 1 0
ultra-bis/internal/metrics/handler.go:110.32,113.3 2 0
ultra-bis/internal/metrics/handler.go:115.2,116.9 2 0
ultra-bis/internal/metrics/handler.go:116.9,119.3 2 0
ultra-bis/internal/metrics/handler.go:121.2,122.16 2 0
ultra-bis/internal/metrics/handler.go:122.16,125.3 2 0
ultra-bis/internal/metrics/handler.go:127.2,127.38 1 0
ultra-bis/internal/metrics/handler.go:131.69,132.32 1 0
ultra-bis/internal/metrics/handler.go:132.32,135.3 2 0
ultra-bis/internal/metrics/handler.go:137.2,138.9 2 0
ultra-bis/internal/metrics/handler.go:138.9,141.3 2 0
ultra-bis/internal/metrics/handler.go:143.2,144.16 2 0
ultra-bis/internal/metrics/handler.go:144.16,147.3 2 0
ultra-bis/internal/metrics/handler.go:149.2,149.37 1 0
ultra-bis/internal/metrics/handler.go:153.69,154.32 1 0
ultra-bis/internal/metrics/handler.go:154.32,157.3 2 0
ultra-bis/internal/metrics/handler.go:159.2,160.9 2 0
ultra-bis/internal/metrics/handler.go:160.9,163.3 2 0
ultra-bis/internal/metrics/handler.go:165.2,166.16 2 0
ultra-bis/internal/metrics/handler.go:166.16,169.3 2 0
ultra-bis/internal/metrics/handler.go:171.2,171.38 1 0
ultra-bis/internal/metrics/handler.go:175.69,176.32 1 0
ultra-bis/internal/metrics/handler.go:176.32,179.3 2 0
ultra-bis/internal/metrics/handler.go:181.2,182.9 2 0
ultra-bis/internal/metrics/handler.go:182.9,185.3 2 0
ultra-bis/internal/metrics/handler.go:188.2,189.19 2 0
ultra-bis/internal/metrics/handler.go:189.19,192.3 2 0
ultra-bis/internal/metrics/handler.go:195.2,196.16 2 0
ultra-bis/internal/metrics/handler.go:196.16,199.3 2 0
ultra-bis/internal/metrics/handler.go:202.2,203.16 2 0
ultra-bis/internal/metrics/handler.go:203.16,206.3 2 0
ultra-bis/internal/metrics/handler.go:208.2,208.19 1 0
ultra-bis/internal/metrics/handler.go:208.19,211.3 2 0
ultra-bis/internal/metrics/handler.go:213.2,213.37 1 0
ultra-bis/internal/metrics/handler.go:217.69,218.32 1 0
ultra-bis/internal/metrics/handler.go:218.32,221.3 2 0
ultra-bis/internal/metrics/handler.go:223.2,224.9 2 0
ultra-bis/internal/metrics/handler.go:224.9,227.3 2 0
ultra-bis/internal/metrics/handler.go:229.2,230.18 2 0
ultra-bis/internal/metrics/handler.go:230.18,232.3 1 0
ultra-bis/internal/metrics/handler.go:235.2,236.16 2 0
ultra-bis/internal/metrics/handler.go:237.12,238.11 1 0
ultra-bis/internal/metrics/handler.go:239.13,240.12 1 0
ultra-bis/internal/metrics/handler.go:241.13,242.12 1 0
ultra-bis/internal/metrics/handler.go:243.10,245.9 2 0
ultra-bis/internal/metrics/handler.go:248.2,252.16 4 0
ultra-bis/internal/metrics/handler.go:252.16,255.3 2 0
ultra-bis/internal/metrics/handler.go:257.2,257.23 1 0
ultra-bis/internal/metrics/handler.go:257.23,260.3 2 0
ultra-bis/internal/metrics/handler.go:263.2,271.39 3 0
ultra-bis/internal/metrics/handler.go:275.72,276.35 1 0
ultra-bis/internal/metrics/handler.go:276.35,279.3 2 0
ultra-bis/internal/metrics/handler.go:281.2,282.9 2 0
ultra-bis/internal/metrics/handler.go:282.9,285.3 2 0
ultra-bis/internal/metrics/handler.go:287.2,288.16 2 0
ultra-bis/internal/metrics/handler.go:288.16,291.3 2 0
ultra-bis/internal/metrics/handler.go:293.2,293.56 1 0
ultra-bis/internal/metrics/handler.go:293.56,296.3 2 0
ultra-bis/internal/metrics/handler.go:298.2,298.37 1 0
ultra-bis/internal/metrics/handler.go:302.53,303.23 1 0
ultra-bis/internal/metrics/handler.go:303.23,305.3 1 0
ultra-bis/internal/metrics/handler.go:307.2,308.28 2 0
ultra-bis/internal/metrics/handler.go:308.28,310.3 1 0
ultra-bis/internal/metrics/handler.go:312.2,321.3 4 0
ultra-bis/internal/metrics/handler.go:325.38,327.2 1 0
ultra-bis/internal/metrics/handler.go:330.50,333.2 2 0
ultra-bis/internal/metrics/repository.go:17.45,19.2 1 0
ultra-bis/internal/metrics/repository.go:22.55,24.25 2 0
ultra-bis/internal/metrics/repository.go:24.25,26.3 1 0
ultra-bis/internal/metrics/repository.go:27.2,27.12 1 0
ultra-bis/internal/metrics/repository.go:31.82,39.53 5 0
ultra-bis/internal/metrics/repository.go:39.53,41.3 1 0
ultra-bis/internal/metrics/repository.go:42.2,42.25 1 0
ultra-bis/internal/metrics/repository.go:42.25,44.3 1 0
ultra-bis/internal/metrics/repository.go:46.2,46.21 1 0
ultra-bis/internal/metrics/repository.go:50.55,52.25 2 0
ultra-bis/internal/metrics/repository.go:52.25,54.3 1 0
ultra-bis/internal/metrics/repository.go:55.2,55.12 1 0
ultra-bis/internal/metrics/repository.go:59.66,63.53 3 0
ultra-bis/internal/metrics/repository.go:63.53,65.3 1 0
ultra-bis/internal/metrics/repository.go:66.2,66.25 1 0
ultra-bis/internal/metrics/repository.go:66.25,68.3 1 0
ultra-bis/internal/metrics/repository.go:70.2,70.21 1 0
ultra-bis/internal/metrics/repository.go:74.102,81.25 3 0
ultra-bis/internal/metrics/repository.go:81.25,83.3 1 0
ultra-bis/internal/metrics/repository.go:85.2,85.21 1 0
ultra-bis/internal/metrics/repository.go:89.64,94.25 3 0
ultra-bis/internal/metrics/repository.go:94.25,96.3 1 0
ultra-bis/internal/metrics/repository.go:98.2,98.21 1 0
ultra-bis/internal/metrics/repository.go:102.67,108.28 4 0
ultra-bis/internal/metrics/repository.go:108.28,111.3 1 0
ultra-bis/internal/metrics/repository.go:113.2,124.25 6 0
ultra-bis/internal/metrics/repository.go:124.25,126.3 1 0
ultra-bis/internal/metrics/repository.go:128.2,128.21 1 0
ultra-bis/internal/metrics/repository.go:132.52,135.25 2 0
ultra-bis/internal/metrics/repository.go:135.25,137.3 1 0
ultra-bis/internal/metrics/repository.go:139.2,139.30 1 0
ultra-bis/internal/metrics/repository.go:139.30,141.3 1 0
ultra-bis/internal/metrics/repository.go:143.2,143.12 1 0
ultra-bis/internal/metrics/router.go:11.59,14.93 1 0
ultra-bis/internal/metrics/router.go:14.93,15.19 1 0
ultra-bis/internal/metrics/router.go:16.23,17.28 1 0
ultra-bis/internal/metrics/router.go:18.24,19.30 1 0
ultra-bis/internal/metrics/router.go:20.11,21.68 1 0
ultra-bis/internal/metrics/router.go:25.2,30.94 5 0
ultra-bis/internal/metrics/router.go:30.94,31.56 1 0
ultra-bis/internal/metrics/router.go:31.56,34.4 2 0
ultra-bis/internal/metrics/router.go:36.3,36.19 1 0
ultra-bis/internal/metrics/router.go:37.26,38.30 1 0
ultra-bis/internal/metrics/router.go:39.11,40.68 1 0
ultra-bis/internal/auth/handler.go:17.53,19.2 1 0
ultra-bis/internal/auth/handler.go:27.69,31.2 3 0
ultra-bis/internal/auth/handler.go:34.68,36.2 1 0
ultra-bis/internal/auth/handler.go:39.68,40.33 1 0
ultra-bis/internal/auth/handler.go:40.33,43.3 2 0
ultra-bis/internal/auth/handler.go:45.2,46.61 2 0
ultra-bis/internal/auth/handler.go:46.61,49.3 2 0
ultra-bis/internal/auth/handler.go:52.2,52.43 1 0
ultra-bis/internal/auth/handler.go:52.43,55.3 2 0
ultra-bis/internal/auth/handler.go:57.2,57.27 1 0
ultra-bis/internal/auth/handler.go:57.27,60.3 2 0
ultra-bis/internal/auth/handler.go:63.2,64.16 2 0
ultra-bis/internal/auth/handler.go:64.16,67.3 2 0
ultra-bis/internal/auth/handler.go:68.2,68.12 1 0
ultra-bis/internal/auth/handler.go:68.12,71.3 2 0
ultra-bis/internal/auth/handler.go:74.2,79.59 2 0
ultra-bis/internal/auth/handler.go:79.59,82.3 2 0
ultra-bis/internal/auth/handler.go:84.2,84.51 1 0
ultra-bis/internal/auth/handler.go:84.51,87.3 2 0
ultra-bis/internal/auth/handler.go:90.2,91.16 2 0
ultra-bis/internal/auth/handler.go:91.16,94.3 2 0
ultra-bis/internal/auth/handler.go:96.2,99.4 1 0
ultra-bis/internal/auth/handler.go:103.65,104.33 1 0
ultra-bis/internal/auth/handler.go:104.33,107.3 2 0
ultra-bis/internal/auth/handler.go:109.2,110.61 2 0
ultra-bis/internal/auth/handler.go:110.61,113.3 2 0
ultra-bis/internal/auth/handler.go:116.2,117.16 2 0
ultra-bis/internal/auth/handler.go:117.16,120.3 2 0
ultra-bis/internal/auth/handler.go:123.2,123.44 1 0
ultra-bis/internal/auth/handler.go:123.44,126.3 2 0
ultra-bis/internal/auth/handler.go:129.2,130.16 2 0
ultra-bis/internal/auth/handler.go:130.16,133.3 2 0
ultra-bis/internal/auth/handler.go:135.2,138.4 1 0
ultra-bis/internal/auth/handler.go:142.65,143.32 1 0
ultra-bis/internal/auth/handler.go:143.32,146.3 2 0
ultra-bis/internal/auth/handler.go:149.2,150.9 2 0
ultra-bis/internal/auth/handler.go:150.9,153.3 2 0
ultra-bis/internal/auth/handler.go:155.2,156.16 2 0
ultra-bis/internal/auth/handler.go:156.16,159.3 2 0
ultra-bis/internal/auth/handler.go:161.2,161.40 1 0
ultra-bis/internal/auth/handler.go:165.73,166.32 1 0
ultra-bis/internal/auth/handler.go:166.32,169.3 2 0
ultra-bis/internal/auth/handler.go:172.2,173.9 2 0
ultra-bis/internal/auth/handler.go:173.9,176.3 2 0
ultra-bis/internal/auth/handler.go:178.2,179.61 2 0
ultra-bis/internal/auth/handler.go:179.61,182.3 2 0
ultra-bis/internal/auth/handler.go:185.2,186.16 2 0
ultra-bis/internal/auth/handler.go:186.16,189.3 2 0
ultra-bis/internal/auth/handler.go:192.2,192.20 1 0
ultra-bis/internal/auth/handler.go:192.20,194.3 1 0
ultra-bis/internal/auth/handler.go:195.2,195.17 1 0
ultra-bis/internal/auth/handler.go:195.17,197.3 1 0
ultra-bis/internal/auth/handler.go:198.2,198.22 1 0
ultra-bis/internal/auth/handler.go:198.22,200.3 1 0
ultra-bis/internal/auth/handler.go:201.2,201.20 1 0
ultra-bis/internal/auth/handler.go:201.20,203.3 1 0
ultra-bis/internal/auth/handler.go:204.2,204.20 1 0
ultra-bis/internal/auth/handler.go:204.20,206.3 1 0
ultra-bis/internal/auth/handler.go:207.2,207.21 1 0
ultra-bis/internal/auth/handler.go:207.21,209.3 1 0
ultra-bis/internal/auth/handler.go:210.2,210.29 1 0
ultra-bis/internal/auth/handler.go:210.29,212.3 1 0
ultra-bis/internal/auth/handler.go:213.2,213.24 1 0
ultra-bis/internal/auth/handler.go:213.24,215.3 1 0
ultra-bis/internal/auth/handler.go:217.2,217.53 1 0
ultra-bis/internal/auth/handler.go:217.53,220.3 2 0
ultra-bis/internal/auth/handler.go:222.2,222.40 1 0
ultra-bis/internal/auth/handler.go:226.53,228.23 2 1
ultra-bis/internal/auth/handler.go:228.23,230.3 1 1
ultra-bis/internal/auth/handler.go:232.2,233.45 2 1
ultra-bis/internal/auth/handler.go:233.45,235.3 1 1
ultra-bis/internal/auth/handler.go:237.2,237.17 1 1
ultra-bis/internal/auth/jwt.go:21.63,35.16 5 1
ultra-bis/internal/auth/jwt.go:35.16,37.3 1 0
ultra-bis/internal/auth/jwt.go:39.2,39.25 1 1
ultra-bis/internal/auth/jwt.go:43.57,46.101 2 1
ultra-bis/internal/auth/jwt.go:46.101,47.58 1 1
ultra-bis/internal/auth/jwt.go:47.58,49.4 1 0
ultra-bis/internal/auth/jwt.go:50.3,50.24 1 1
ultra-bis/internal/auth/jwt.go:53.2,53.16 1 1
ultra-bis/internal/auth/jwt.go:53.16,55.3 1 1
ultra-bis/internal/auth/jwt.go:57.2,57.18 1 1
ultra-bis/internal/auth/jwt.go:57.18,59.3 1 0
ultra-bis/internal/auth/jwt.go:61.2,61.20 1 1
ultra-bis/internal/auth/jwt.go:65.46,67.17 2 1
ultra-bis/internal/auth/jwt.go:67.17,69.3 1 1
ultra-bis/internal/auth/jwt.go:70.2,70.14 1 0
ultra-bis/internal/auth/middleware.go:10.60,11.54 1 0
ultra-bis/internal/auth/middleware.go:11.54,13.24 2 0
ultra-bis/internal/auth/middleware.go:13.24,18.4 4 0
ultra-bis/internal/auth/middleware.go:20.3,21.17 2 0
ultra-bis/internal/auth/middleware.go:21.17,26.4 4 0
ultra-bis/internal/auth/middleware.go:29.3,33.40 3 0
ultra-bis/internal/auth/router.go:6.59,14.2 4 0
ultra-bis/internal/food/handler.go:19.77,24.2 1 0
ultra-bis/internal/food/handler.go:32.69,36.2 3 0
ultra-bis/internal/food/handler.go:39.68,41.2 1 0
ultra-bis/internal/food/handler.go:44.70,45.33 1 0
ultra-bis/internal/food/handler.go:45.33,48.3 2 0
ultra-bis/internal/food/handler.go:50.2,51.61 2 0
ultra-bis/internal/food/handler.go:51.61,54.3 2 0
ultra-bis/internal/food/handler.go:57.2,57.20 1 0
ultra-bis/internal/food/handler.go:57.20,60.3 2 0
ultra-bis/internal/food/handler.go:62.2,63.16 2 0
ultra-bis/internal/food/handler.go:63.16,66.3 2 0
ultra-bis/internal/food/handler.go:68.2,68.40 1 0
ultra-bis/internal/food/handler.go:72.67,73.32 1 0
ultra-bis/internal/food/handler.go:73.32,76.3 2 0
ultra-bis/internal/food/handler.go:78.2,79.16 2 0
ultra-bis/internal/food/handler.go:79.16,82.3 2 0
ultra-bis/internal/food/handler.go:84.2,85.16 2 0
ultra-bis/internal/food/handler.go:85.16,86.38 1 0
ultra-bis/internal/food/handler.go:86.38,89.4 2 0
ultra-bis/internal/food/handler.go:90.3,91.9 2 0
ultra-bis/internal/food/handler.go:94.2,94.35 1 0
ultra-bis/internal/food/handler.go:98.71,99.32 1 0
ultra-bis/internal/food/handler.go:99.32,102.3 2 0
ultra-bis/internal/food/handler.go:104.2,105.16 2 0
ultra-bis/internal/food/handler.go:105.16,108.3 2 0
ultra-bis/internal/food/handler.go:110.2,110.36 1 0
ultra-bis/internal/food/handler.go:114.70,115.32 1 0
ultra-bis/internal/food/handler.go:115.32,118.3 2 0
ultra-bis/internal/food/handler.go:120.2,121.16 2 0
ultra-bis/internal/food/handler.go:121.16,124.3 2 0
ultra-bis/internal/food/handler.go:126.2,127.61 2 0
ultra-bis/internal/food/handler.go:127.61,130.3 2 0
ultra-bis/internal/food/handler.go:133.2,133.20 1 0
ultra-bis/internal/food/handler.go:133.20,136.3 2 0
ultra-bis/internal/food/handler.go:138.2,139.16 2 0
ultra-bis/internal/food/handler.go:139.16,140.38 1 0
ultra-bis/internal/food/handler.go:140.38,143.4 2 0
ultra-bis/internal/food/handler.go:144.3,145.9 2 0
ultra-bis/internal/food/handler.go:148.2,148.35 1 0
ultra-bis/internal/food/handler.go:152.70,153.35 1 0
ultra-bis/internal/food/handler.go:153.35,156.3 2 0
ultra-bis/internal/food/handler.go:158.2,159.16 2 0
ultra-bis/internal/food/handler.go:159.16,162.3 2 0
ultra-bis/internal/food/handler.go:164.2,165.16 2 0
ultra-bis/internal/food/handler.go:165.16,166.38 1 0
ultra-bis/internal/food/handler.go:166.38,169.4 2 0
ultra-bis/internal/food/handler.go:170.3,171.9 2 0
ultra-bis/internal/food/handler.go:174.2,174.37 1 0
ultra-bis/internal/food/handler.go:178.50,181.2 2 0
ultra-bis/internal/food/handler.go:184.71,185.18 1 0
ultra-bis/internal/food/handler.go:186.22,187.22 1 0
ultra-bis/internal/food/handler.go:188.23,189.21 1 0
ultra-bis/internal/food/handler.go:190.10,191.67 1 0
ultra-bis/internal/food/handler.go:196.77,198.53 1 0
ultra-bis/internal/food/handler.go:198.53,201.3 2 0
ultra-bis/internal/food/handler.go:203.2,203.18 1 0
ultra-bis/internal/food/handler.go:204.22,205.18 1 0
ultra-bis/internal/food/handler.go:206.22,207.21 1 0
ultra-bis/internal/food/handler.go:208.25,209.21 1 0
ultra-bis/internal/food/handler.go:210.10,211.67 1 0
ultra-bis/internal/food/handler.go:217.71,218.33 1 0
ultra-bis/internal/food/handler.go:218.33,221.3 2 0
ultra-bis/internal/food/handler.go:225.2,228.19 3 0
ultra-bis/internal/food/handler.go:228.19,231.3 2 0
ultra-bis/internal/food/handler.go:234.2,235.16 2 0
ultra-bis/internal/food/handler.go:235.16,236.57 1 0
ultra-bis/internal/food/handler.go:236.57,239.4 2 0
ultra-bis/internal/food/handler.go:240.3,241.9 2 0
ultra-bis/internal/food/handler.go:245.2,245.28 1 0
ultra-bis/internal/food/handler.go:245.28,248.3 2 0
ultra-bis/internal/food/handler.go:251.2,262.16 3 0
ultra-bis/internal/food/handler.go:262.16,265.3 2 0
ultra-bis/internal/food/handler.go:267.2,267.40 1 0
ultra-bis/internal/food/repository.go:16.45,18.2 1 1
ultra-bis/internal/food/repository.go:21.67,33.25 3 1
ultra-bis/internal/food/repository.go:33.25,35.3 1 0
ultra-bis/internal/food/repository.go:37.2,37.18 1 1
ultra-bis/internal/food/repository.go:41.53,45.53 3 1
ultra-bis/internal/food/repository.go:45.53,47.3 1 1
ultra-bis/internal/food/repository.go:48.2,48.25 1 1
ultra-bis/internal/food/repository.go:48.25,50.3 1 0
ultra-bis/internal/food/repository.go:52.2,52.19 1 1
ultra-bis/internal/food/repository.go:56.47,60.25 3 1
ultra-bis/internal/food/repository.go:60.25,62.3 1 0
ultra-bis/internal/food/repository.go:64.2,64.19 1 1
ultra-bis/internal/food/repository.go:68.75,72.53 3 1
ultra-bis/internal/food/repository.go:72.53,74.3 1 0
ultra-bis/internal/food/repository.go:75.2,75.25 1 1
ultra-bis/internal/food/repository.go:75.25,77.3 1 0
ultra-bis/internal/food/repository.go:80.2,89.25 9 1
ultra-bis/internal/food/repository.go:89.25,91.3 1 0
ultra-bis/internal/food/repository.go:93.2,93.19 1 1
ultra-bis/internal/food/repository.go:97.43,100.25 2 1
ultra-bis/internal/food/repository.go:100.25,102.3 1 0
ultra-bis/internal/food/repository.go:104.2,104.30 1 1
ultra-bis/internal/food/repository.go:104.30,106.3 1 0
ultra-bis/internal/food/repository.go:108.2,108.12 1 1
ultra-bis/internal/food/router.go:10.59,16.2 3 0
ultra-bis/internal/recipe/adapter.go:11.66,13.2 1 0
ultra-bis/internal/recipe/adapter.go:16.68,18.16 2 0
ultra-bis/internal/recipe/adapter.go:18.16,20.3 1 0
ultra-bis/internal/recipe/adapter.go:22.2,25.8 1 0
ultra-bis/internal/recipe/adapter.go:29.93,31.16 2 0
ultra-bis/internal/recipe/adapter.go:31.16,33.3 1 0
ultra-bis/internal/recipe/adapter.go:35.2,36.41 2 0
ultra-bis/internal/recipe/adapter.go:36.41,41.3 1 0
ultra-bis/internal/recipe/adapter.go:43.2,43.25 1 0
ultra-bis/internal/recipe/handler.go:19.71,24.2 1 0
ultra-bis/internal/recipe/handler.go:32.69,36.2 3 0
ultra-bis/internal/recipe/handler.go:39.68,41.2 1 0
ultra-bis/internal/recipe/handler.go:44.72,45.33 1 0
ultra-bis/internal/recipe/handler.go:45.33,48.3 2 0
ultra-bis/internal/recipe/handler.go:50.2,51.9 2 0
ultra-bis/internal/recipe/handler.go:51.9,54.3 2 0
ultra-bis/internal/recipe/handler.go:56.2,57.61 2 0
ultra-bis/internal/recipe/handler.go:57.61,60.3 2 0
ultra-bis/internal/recipe/handler.go:63.2,63.20 1 0
ultra-bis/internal/recipe/handler.go:63.20,66.3 2 0
ultra-bis/internal/recipe/handler.go:69.2,74.46 2 0
ultra-bis/internal/recipe/handler.go:74.46,77.3 2 0
ultra-bis/internal/recipe/handler.go:80.2,80.38 1 0
ultra-bis/internal/recipe/handler.go:80.38,81.29 1 0
ultra-bis/internal/recipe/handler.go:81.29,82.12 1 0
ultra-bis/internal/recipe/handler.go:86.3,86.64 1 0
ultra-bis/internal/recipe/handler.go:86.64,89.4 2 0
ultra-bis/internal/recipe/handler.go:91.3,97.58 2 0
ultra-bis/internal/recipe/handler.go:97.58,100.4 2 0
ultra-bis/internal/recipe/handler.go:104.2,105.16 2 0
ultra-bis/internal/recipe/handler.go:105.16,108.3 2 0
ultra-bis/internal/recipe/handler.go:110.2,110.49 1 0
ultra-bis/internal/recipe/handler.go:114.69,115.32 1 0
ultra-bis/internal/recipe/handler.go:115.32,118.3 2 0
ultra-bis/internal/recipe/handler.go:120.2,121.9 2 0
ultra-bis/internal/recipe/handler.go:121.9,124.3 2 0
ultra-bis/internal/recipe/handler.go:127.2,128.24 2 0
ultra-bis/internal/recipe/handler.go:128.24,131.3 2 0
ultra-bis/internal/recipe/handler.go:133.2,134.16 2 0
ultra-bis/internal/recipe/handler.go:134.16,137.3 2 0
ultra-bis/internal/recipe/handler.go:140.2,141.16 2 0
ultra-bis/internal/recipe/handler.go:141.16,144.3 2 0
ultra-bis/internal/recipe/handler.go:146.2,146.50 1 0
ultra-bis/internal/recipe/handler.go:150.71,151.32 1 0
ultra-bis/internal/recipe/handler.go:151.32,154.3 2 0
ultra-bis/internal/recipe/handler.go:156.2,157.9 2 0
ultra-bis/internal/recipe/handler.go:157.9,160.3 2 0
ultra-bis/internal/recipe/handler.go:162.2,167.16 4 0
ultra-bis/internal/recipe/handler.go:167.16,170.3 2 0
ultra-bis/internal/recipe/handler.go:172.2,172.38 1 0
ultra-bis/internal/recipe/handler.go:176.72,177.32 1 0
ultra-bis/internal/recipe/handler.go:177.32,180.3 2 0
ultra-bis/internal/recipe/handler.go:182.2,183.9 2 0
ultra-bis/internal/recipe/handler.go:183.9,186.3 2 0
ultra-bis/internal/recipe/handler.go:189.2,190.24 2 0
ultra-bis/internal/recipe/handler.go:190.24,193.3 2 0
ultra-bis/internal/recipe/handler.go:195.2,196.16 2 0
ultra-bis/internal/recipe/handler.go:196.16,199.3 2 0
ultra-bis/internal/recipe/handler.go:202.2,203.16 2 0
ultra-bis/internal/recipe/handler.go:203.16,206.3 2 0
ultra-bis/internal/recipe/handler.go:209.2,209.54 1 0
ultra-bis/internal/recipe/handler.go:209.54,212.3 2 0
ultra-bis/internal/recipe/handler.go:214.2,215.61 2 0
ultra-bis/internal/recipe/handler.go:215.61,218.3 2 0
ultra-bis/internal/recipe/handler.go:221.2,221.20 1 0
ultra-bis/internal/recipe/handler.go:221.20,223.3 1 0
ultra-bis/internal/recipe/handler.go:225.2,225.46 1 0
ultra-bis/internal/recipe/handler.go:225.46,228.3 2 0
ultra-bis/internal/recipe/handler.go:230.2,230.37 1 0
ultra-bis/internal/recipe/handler.go:234.72,235.35 1 0
ultra-bis/internal/recipe/handler.go:235.35,238.3 2 0
ultra-bis/internal/recipe/handler.go:240.2,241.9 2 0
ultra-bis/internal/recipe/handler.go:241.9,244.3 2 0
ultra-bis/internal/recipe/handler.go:247.2,248.24 2 0
ultra-bis/internal/recipe/handler.go:248.24,251.3 2 0
ultra-bis/internal/recipe/handler.go:253.2,254.16 2 0
ultra-bis/internal/recipe/handler.go:254.16,257.3 2 0
ultra-bis/internal/recipe/handler.go:260.2,261.16 2 0
ultra-bis/internal/recipe/handler.go:261.16,264.3 2 0
ultra-bis/internal/recipe/handler.go:267.2,267.54 1 0
ultra-bis/internal/recipe/handler.go:267.54,270.3 2 0
ultra-bis/internal/recipe/handler.go:272.2,272.42 1 0
ultra-bis/internal/recipe/handler.go:272.42,275.3 2 0
ultra-bis/internal/recipe/handler.go:277.2,277.90 1 0
ultra-bis/internal/recipe/handler.go:281.73,282.33 1 0
ultra-bis/internal/recipe/handler.go:282.33,285.3 2 0
ultra-bis/internal/recipe/handler.go:287.2,288.9 2 0
ultra-bis/internal/recipe/handler.go:288.9,291.3 2 0
ultra-bis/internal/recipe/handler.go:294.2,295.24 2 0
ultra-bis/internal/recipe/handler.go:295.24,298.3 2 0
ultra-bis/internal/recipe/handler.go:300.2,301.16 2 0
ultra-bis/internal/recipe/handler.go:301.16,304.3 2 0
ultra-bis/internal/recipe/handler.go:307.2,308.16 2 0
ultra-bis/internal/recipe/handler.go:308.16,311.3 2 0
ultra-bis/internal/recipe/handler.go:313.2,313.54 1 0
ultra-bis/internal/recipe/handler.go:313.54,316.3 2 0
ultra-bis/internal/recipe/handler.go:318.2,319.61 2 0
ultra-bis/internal/recipe/handler.go:319.61,322.3 2 0
ultra-bis/internal/recipe/handler.go:324.2,324.28 1 0
ultra-bis/internal/recipe/handler.go:324.28,327.3 2 0
ultra-bis/internal/recipe/handler.go:330.2,330.63 1 0
ultra-bis/internal/recipe/handler.go:330.63,333.3 2 0
ultra-bis/internal/recipe/handler.go:335.2,341.57 2 0
ultra-bis/internal/recipe/handler.go:341.57,344.3 2 0
ultra-bis/internal/recipe/handler.go:346.2,346.46 1 0
ultra-bis/internal/recipe/handler.go:350.76,351.32 1 0
ultra-bis/internal/recipe/handler.go:351.32,354.3 2 0
ultra-bis/internal/recipe/handler.go:356.2,357.9 2 0
ultra-bis/internal/recipe/handler.go:357.9,360.3 2 0
ultra-bis/internal/recipe/handler.go:363.2,364.24 2 0
ultra-bis/internal/recipe/handler.go:364.24,367.3 2 0
ultra-bis/internal/recipe/handler.go:369.2,370.16 2 0
ultra-bis/internal/recipe/handler.go:370.16,373.3 2 0
ultra-bis/internal/recipe/handler.go:375.2,376.16 2 0
ultra-bis/internal/recipe/handler.go:376.16,379.3 2 0
ultra-bis/internal/recipe/handler.go:382.2,383.16 2 0
ultra-bis/internal/recipe/handler.go:383.16,386.3 2 0
ultra-bis/internal/recipe/handler.go:388.2,388.54 1 0
ultra-bis/internal/recipe/handler.go:388.54,391.3 2 0
ultra-bis/internal/recipe/handler.go:394.2,395.16 2 0
ultra-bis/internal/recipe/handler.go:395.16,398.3 2 0
ultra-bis/internal/recipe/handler.go:401.2,401.43 1 0
ultra-bis/internal/recipe/handler.go:401.43,404.3 2 0
ultra-bis/internal/recipe/handler.go:406.2,407.61 2 0
ultra-bis/internal/recipe/handler.go:407.61,410.3 2 0
ultra-bis/internal/recipe/handler.go:412.2,412.28 1 0
ultra-bis/internal/recipe/handler.go:412.28,415.3 2 0
ultra-bis/internal/recipe/handler.go:417.2,419.60 2 0
ultra-bis/internal/recipe/handler.go:419.60,422.3 2 0
ultra-bis/internal/recipe/handler.go:424.2,424.41 1 0
ultra-bis/internal/recipe/handler.go:428.76,429.35 1 0
ultra-bis/internal/recipe/handler.go:429.35,432.3 2 0
ultra-bis/internal/recipe/handler.go:434.2,435.9 2 0
ultra-bis/internal/recipe/handler.go:435.9,438.3 2 0
ultra-bis/internal/recipe/handler.go:441.2,442.24 2 0
ultra-bis/internal/recipe/handler.go:442.24,445.3 2 0
ultra-bis/internal/recipe/handler.go:447.2,448.16 2 0
ultra-bis/internal/recipe/handler.go:448.16,451.3 2 0
ultra-bis/internal/recipe/handler.go:453.2,454.16 2 0
ultra-bis/internal/recipe/handler.go:454.16,457.3 2 0
ultra-bis/internal/recipe/handler.go:460.2,461.16 2 0
ultra-bis/internal/recipe/handler.go:461.16,464.3 2 0
ultra-bis/internal/recipe/handler.go:466.2,466.54 1 0
ultra-bis/internal/recipe/handler.go:466.54,469.3 2 0
ultra-bis/internal/recipe/handler.go:472.2,473.16 2 0
ultra-bis/internal/recipe/handler.go:473.16,476.3 2 0
ultra-bis/internal/recipe/handler.go:478.2,478.43 1 0
ultra-bis/internal/recipe/handler.go:478.43,481.3 2 0
ultra-bis/internal/recipe/handler.go:483.2,483.62 1 0
ultra-bis/internal/recipe/handler.go:483.62,486.3 2 0
ultra-bis/internal/recipe/handler.go:488.2,488.94 1 0
ultra-bis/internal/recipe/repository.go:15.45,17.2 1 1
ultra-bis/internal/recipe/repository.go:20.51,22.2 1 1
ultra-bis/internal/recipe/repository.go:25.55,29.2 3 1
ultra-bis/internal/recipe/repository.go:32.49,36.2 3 1
ultra-bis/internal/recipe/repository.go:39.80,43.14 3 0
ultra-bis/internal/recipe/repository.go:43.14,46.3 1 0
ultra-bis/internal/recipe/repository.go:46.8,49.3 1 0
ultra-bis/internal/recipe/repository.go:51.2,52.21 2 0
ultra-bis/internal/recipe/repository.go:56.52,60.2 3 0
ultra-bis/internal/recipe/repository.go:63.51,65.2 1 0
ultra-bis/internal/recipe/repository.go:68.43,70.2 1 0
ultra-bis/internal/recipe/repository.go:73.72,75.2 1 0
ultra-bis/internal/recipe/repository.go:78.81,82.2 3 0
ultra-bis/internal/recipe/repository.go:85.75,87.2 1 0
ultra-bis/internal/recipe/repository.go:90.63,92.2 1 0
ultra-bis/internal/recipe/repository.go:95.112,97.16 2 1
ultra-bis/internal/recipe/repository.go:97.16,99.3 1 0
ultra-bis/internal/recipe/repository.go:101.2,106.48 2 1
ultra-bis/internal/recipe/repository.go:106.48,108.17 2 1
ultra-bis/internal/recipe/repository.go:108.17,109.12 1 1
ultra-bis/internal/recipe/repository.go:113.3,119.49 7 1
ultra-bis/internal/recipe/repository.go:123.2,123.28 1 1
ultra-bis/internal/recipe/repository.go:123.28,130.3 6 1
ultra-bis/internal/recipe/repository.go:132.2,132.20 1 1
ultra-bis/internal/recipe/repository.go:136.99,138.16 2 1
ultra-bis/internal/recipe/repository.go:138.16,140.3 1 0
ultra-bis/internal/recipe/repository.go:142.2,142.61 1 1
ultra-bis/internal/recipe/repository.go:146.132,148.16 2 0
ultra-bis/internal/recipe/repository.go:148.16,150.3 1 0
ultra-bis/internal/recipe/repository.go:152.2,152.61 1 0
ultra-bis/internal/recipe/repository.go:156.115,159.33 2 1
ultra-bis/internal/recipe/repository.go:159.33,170.49 2 1
ultra-bis/internal/recipe/repository.go:170.49,172.18 2 1
ultra-bis/internal/recipe/repository.go:172.18,173.13 1 0
ultra-bis/internal/recipe/repository.go:177.4,199.52 9 1
ultra-bis/internal/recipe/repository.go:203.3,203.31 1 1
ultra-bis/internal/recipe/repository.go:203.31,210.4 6 1
ultra-bis/internal/recipe/repository.go:212.3,212.36 1 1
ultra-bis/internal/recipe/repository.go:215.2,215.15 1 1
ultra-bis/internal/recipe/router.go:11.59,13.74 1 0
ultra-bis/internal/recipe/router.go:13.74,14.61 1 0
ultra-bis/internal/recipe/router.go:14.61,17.4 2 0
ultra-bis/internal/recipe/router.go:18.3,18.62 1 0
ultra-bis/internal/recipe/router.go:18.62,21.4 2 0
ultra-bis/internal/recipe/router.go:22.3,22.22 1 0
ultra-bis/internal/recipe/router.go:26.2,26.75 1 0
ultra-bis/internal/recipe/router.go:26.75,31.22 3 0
ultra-bis/internal/recipe/router.go:31.22,32.34 1 0
ultra-bis/internal/recipe/router.go:32.34,35.5 2 0
ultra-bis/internal/recipe/router.go:36.4,36.34 1 0
ultra-bis/internal/recipe/router.go:36.34,39.5 2 0
ultra-bis/internal/recipe/router.go:40.4,40.37 1 0
ultra-bis/internal/recipe/router.go:40.37,43.5 2 0
ultra-bis/internal/recipe/router.go:47.3,47.51 1 0
ultra-bis/internal/recipe/router.go:47.51,48.35 1 0
ultra-bis/internal/recipe/router.go:48.35,51.5 2 0
ultra-bis/internal/recipe/router.go:55.3,55.51 1 0
ultra-bis/internal/recipe/router.go:55.51,56.34 1 0
ultra-bis/internal/recipe/router.go:56.34,59.5 2 0
ultra-bis/internal/recipe/router.go:60.4,60.37 1 0
ultra-bis/internal/recipe/router.go:60.37,63.5 2 0
ultra-bis/internal/recipe/router.go:66.3,66.22 1 0
ultra-bis/internal/diary/handler.go:42.98,49.2 1 0
ultra-bis/internal/diary/handler.go:52.62,54.2 1 0
ultra-bis/internal/diary/handler.go:62.69,66.2 3 0
ultra-bis/internal/diary/handler.go:69.68,71.2 1 0
ultra-bis/internal/diary/handler.go:74.71,75.33 1 0
ultra-bis/internal/diary/handler.go:75.33,78.3 2 0
ultra-bis/internal/diary/handler.go:80.2,81.9 2 0
ultra-bis/internal/diary/handler.go:81.9,84.3 2 0
ultra-bis/internal/diary/handler.go:86.2,87.61 2 0
ultra-bis/internal/diary/handler.go:87.61,90.3 2 0
ultra-bis/internal/diary/handler.go:93.2,93.46 1 0
ultra-bis/internal/diary/handler.go:93.46,96.3 2 0
ultra-bis/internal/diary/handler.go:100.2,100.49 1 0
ultra-bis/internal/diary/handler.go:100.49,103.3 2 0
ultra-bis/internal/diary/handler.go:105.2,105.86 1 0
ultra-bis/internal/diary/handler.go:105.86,108.3 2 0
ultra-bis/internal/diary/handler.go:111.2,112.20 2 0
ultra-bis/internal/diary/handler.go:112.20,114.3 1 0
ultra-bis/internal/diary/handler.go:114.8,117.17 3 0
ultra-bis/internal/diary/handler.go:117.17,120.4 2 0
ultra-bis/internal/diary/handler.go:124.2,135.23 2 0
ultra-bis/internal/diary/handler.go:135.23,137.17 2 0
ultra-bis/internal/diary/handler.go:137.17,140.4 2 0
ultra-bis/internal/diary/handler.go:142.3,147.44 6 0
ultra-bis/internal/diary/handler.go:151.2,151.25 1 0
ultra-bis/internal/diary/handler.go:151.25,152.26 1 0
ultra-bis/internal/diary/handler.go:152.26,155.4 2 0
ultra-bis/internal/diary/handler.go:157.3,158.17 2 0
ultra-bis/internal/diary/handler.go:158.17,161.4 2 0
ultra-bis/internal/diary/handler.go:163.3,167.37 3 0
ultra-bis/internal/diary/handler.go:167.37,169.97 1 0
ultra-bis/internal/diary/handler.go:169.97,172.5 2 0
ultra-bis/internal/diary/handler.go:175.4,177.22 3 0
ultra-bis/internal/diary/handler.go:177.22,180.5 2 0
ultra-bis/internal/diary/handler.go:181.9,185.22 3 0
ultra-bis/internal/diary/handler.go:185.22,188.5 2 0
ultra-bis/internal/diary/handler.go:189.4,189.35 1 0
ultra-bis/internal/diary/handler.go:193.3,199.46 7 0
ultra-bis/internal/diary/handler.go:202.2,202.45 1 0
ultra-bis/internal/diary/handler.go:202.45,205.3 2 0
ultra-bis/internal/diary/handler.go:207.2,207.41 1 0
ultra-bis/internal/diary/handler.go:211.70,212.32 1 0
ultra-bis/internal/diary/handler.go:212.32,215.3 2 0
ultra-bis/internal/diary/handler.go:217.2,218.9 2 0
ultra-bis/internal/diary/handler.go:218.9,221.3 2 0
ultra-bis/internal/diary/handler.go:223.2,225.19 3 0
ultra-bis/internal/diary/handler.go:225.19,227.3 1 0
ultra-bis/internal/diary/handler.go:227.8,230.17 3 0
ultra-bis/internal/diary/handler.go:230.17,233.4 2 0
ultra-bis/internal/diary/handler.go:236.2,237.16 2 0
ultra-bis/internal/diary/handler.go:237.16,240.3 2 0
ultra-bis/internal/diary/handler.go:242.2,242.38 1 0
ultra-bis/internal/diary/handler.go:246.75,247.32 1 0
ultra-bis/internal/diary/handler.go:247.32,250.3 2 0
ultra-bis/internal/diary/handler.go:252.2,253.9 2 0
ultra-bis/internal/diary/handler.go:253.9,256.3 2 0
ultra-bis/internal/diary/handler.go:258.2,259.19 2 0
ultra-bis/internal/diary/handler.go:259.19,261.3 1 0
ultra-bis/internal/diary/handler.go:263.2,264.16 2 0
ultra-bis/internal/diary/handler.go:264.16,267.3 2 0
ultra-bis/internal/diary/handler.go:270.2,271.16 2 0
ultra-bis/internal/diary/handler.go:271.16,274.3 2 0
ultra-bis/internal/diary/handler.go:277.2,278.16 2 0
ultra-bis/internal/diary/handler.go:278.16,281.3 2 0
ultra-bis/internal/diary/handler.go:284.2,286.16 3 0
ultra-bis/internal/diary/handler.go:286.16,292.3 5 0
ultra-bis/internal/diary/handler.go:295.2,319.39 3 0
ultra-bis/internal/diary/handler.go:323.71,324.32 1 0
ultra-bis/internal/diary/handler.go:324.32,327.3 2 0
ultra-bis/internal/diary/handler.go:329.2,330.9 2 0
ultra-bis/internal/diary/handler.go:330.9,333.3 2 0
ultra-bis/internal/diary/handler.go:335.2,336.16 2 0
ultra-bis/internal/diary/handler.go:336.16,339.3 2 0
ultra-bis/internal/diary/handler.go:341.2,342.61 2 0
ultra-bis/internal/diary/handler.go:342.61,345.3 2 0
ultra-bis/internal/diary/handler.go:347.2,348.16 2 0
ultra-bis/internal/diary/handler.go:348.16,351.3 2 0
ultra-bis/internal/diary/handler.go:354.2,354.25 1 0
ultra-bis/internal/diary/handler.go:354.25,356.28 1 0
ultra-bis/internal/diary/handler.go:356.28,358.18 2 0
ultra-bis/internal/diary/handler.go:358.18,366.5 7 0
ultra-bis/internal/diary/handler.go:368.8,368.34 1 0
ultra-bis/internal/diary/handler.go:368.34,370.37 1 0
ultra-bis/internal/diary/handler.go:370.37,372.99 1 0
ultra-bis/internal/diary/handler.go:372.99,375.5 2 0
ultra-bis/internal/diary/handler.go:377.4,378.22 2 0
ultra-bis/internal/diary/handler.go:378.22,381.5 2 0
ultra-bis/internal/diary/handler.go:383.4,389.47 7 0
ultra-bis/internal/diary/handler.go:390.9,390.35 1 0
ultra-bis/internal/diary/handler.go:390.35,393.22 2 0
ultra-bis/internal/diary/handler.go:393.22,396.5 2 0
ultra-bis/internal/diary/handler.go:398.4,404.47 7 0
ultra-bis/internal/diary/handler.go:408.2,408.24 1 0
ultra-bis/internal/diary/handler.go:408.24,410.3 1 0
ultra-bis/internal/diary/handler.go:411.2,411.21 1 0
ultra-bis/internal/diary/handler.go:411.21,413.3 1 0
ultra-bis/internal/diary/handler.go:415.2,415.45 1 0
ultra-bis/internal/diary/handler.go:415.45,418.3 2 0
ultra-bis/internal/diary/handler.go:420.2,420.36 1 0
ultra-bis/internal/diary/handler.go:424.71,425.35 1 0
ultra-bis/internal/diary/handler.go:425.35,428.3 2 0
ultra-bis/internal/diary/handler.go:430.2,431.9 2 0
ultra-bis/internal/diary/handler.go:431.9,434.3 2 0
ultra-bis/internal/diary/handler.go:436.2,437.16 2 0
ultra-bis/internal/diary/handler.go:437.16,440.3 2 0
ultra-bis/internal/diary/handler.go:442.2,442.56 1 0
ultra-bis/internal/diary/handler.go:442.56,445.3 2 0
ultra-bis/internal/diary/handler.go:447.2,447.37 1 0
ultra-bis/internal/diary/handler.go:451.55,452.15 1 0
ultra-bis/internal/diary/handler.go:452.15,454.3 1 0
ultra-bis/internal/diary/handler.go:455.2,455.30 1 0
ultra-bis/internal/diary/handler.go:459.76,460.32 1 0
ultra-bis/internal/diary/handler.go:460.32,463.3 2 0
ultra-bis/internal/diary/handler.go:465.2,466.9 2 0
ultra-bis/internal/diary/handler.go:466.9,469.3 2 0
ultra-bis/internal/diary/handler.go:472.2,474.24 3 0
ultra-bis/internal/diary/handler.go:474.24,478.19 3 0
ultra-bis/internal/diary/handler.go:478.19,480.4 1 0
ultra-bis/internal/diary/handler.go:481.3,482.49 2 0
ultra-bis/internal/diary/handler.go:483.8,486.17 3 0
ultra-bis/internal/diary/handler.go:486.17,489.4 2 0
ultra-bis/internal/diary/handler.go:493.2,498.16 4 0
ultra-bis/internal/diary/handler.go:498.16,504.3 5 0
ultra-bis/internal/diary/handler.go:507.2,510.25 3 0
ultra-bis/internal/diary/handler.go:510.25,516.17 4 0
ultra-bis/internal/diary/handler.go:516.17,519.4 2 0
ultra-bis/internal/diary/handler.go:522.3,523.17 2 0
ultra-bis/internal/diary/handler.go:523.17,526.4 2 0
ultra-bis/internal/diary/handler.go:529.3,561.33 8 0
ultra-bis/internal/diary/handler.go:565.2,576.44 2 0
ultra-bis/internal/diary/handler.go:580.38,582.2 1 0
ultra-bis/internal/diary/handler.go:585.50,588.2 2 0
ultra-bis/internal/diary/handler.go:591.110,594.16 2 0
ultra-bis/internal/diary/handler.go:594.16,596.3 1 0
ultra-bis/internal/diary/handler.go:599.2,600.47 2 0
ultra-bis/internal/diary/handler.go:600.47,602.3 1 0
ultra-bis/internal/diary/handler.go:605.2,605.46 1 0
ultra-bis/internal/diary/handler.go:605.46,606.38 1 0
ultra-bis/internal/diary/handler.go:606.38,608.4 1 0
ultra-bis/internal/diary/handler.go:609.3,609.35 1 0
ultra-bis/internal/diary/handler.go:609.35,611.4 1 0
ultra-bis/internal/diary/handler.go:615.2,615.54 1 0
ultra-bis/internal/diary/handler.go:615.54,617.3 1 0
ultra-bis/internal/diary/handler.go:619.2,619.12 1 0
ultra-bis/internal/diary/handler.go:623.181,627.46 3 0
ultra-bis/internal/diary/handler.go:627.46,630.17 2 0
ultra-bis/internal/diary/handler.go:630.17,632.4 1 0
ultra-bis/internal/diary/handler.go:635.3,660.41 13 0
ultra-bis/internal/diary/handler.go:663.2,663.96 1 0
ultra-bis/internal/diary/handler.go:667.167,670.16 2 0
ultra-bis/internal/diary/handler.go:670.16,672.3 1 0
ultra-bis/internal/diary/handler.go:675.2,676.47 2 0
ultra-bis/internal/diary/handler.go:676.47,678.3 1 0
ultra-bis/internal/diary/handler.go:680.2,680.28 1 0
ultra-bis/internal/diary/handler.go:680.28,682.3 1 0
ultra-bis/internal/diary/handler.go:685.2,689.47 3 0
ultra-bis/internal/diary/handler.go:689.47,694.3 1 0
ultra-bis/internal/diary/handler.go:697.2,698.83 2 0
ultra-bis/internal/diary/model.go:38.58,39.14 1 1
ultra-bis/internal/diary/model.go:39.14,41.3 1 1
ultra-bis/internal/diary/model.go:42.2,42.24 1 1
ultra-bis/internal/diary/model.go:46.59,47.18 1 0
ultra-bis/internal/diary/model.go:47.18,50.3 2 0
ultra-bis/internal/diary/model.go:52.2,53.9 2 0
ultra-bis/internal/diary/model.go:53.9,55.3 1 0
ultra-bis/internal/diary/model.go:57.2,57.33 1 0
ultra-bis/internal/diary/repository.go:17.45,19.2 1 1
ultra-bis/internal/diary/repository.go:22.54,24.25 2 1
ultra-bis/internal/diary/repository.go:24.25,26.3 1 0
ultra-bis/internal/diary/repository.go:27.2,27.12 1 1
ultra-bis/internal/diary/repository.go:31.68,35.53 3 1
ultra-bis/internal/diary/repository.go:35.53,37.3 1 0
ultra-bis/internal/diary/repository.go:38.2,38.25 1 1
ultra-bis/internal/diary/repository.go:38.25,40.3 1 0
ultra-bis/internal/diary/repository.go:42.2,42.20 1 1
ultra-bis/internal/diary/repository.go:46.83,57.25 5 1
ultra-bis/internal/diary/repository.go:57.25,59.3 1 0
ultra-bis/internal/diary/repository.go:62.2,64.21 2 1
ultra-bis/internal/diary/repository.go:68.102,75.25 3 0
ultra-bis/internal/diary/repository.go:75.25,77.3 1 0
ultra-bis/internal/diary/repository.go:80.2,82.21 2 0
ultra-bis/internal/diary/repository.go:86.54,88.25 2 0
ultra-bis/internal/diary/repository.go:88.25,90.3 1 0
ultra-bis/internal/diary/repository.go:91.2,91.12 1 0
ultra-bis/internal/diary/repository.go:95.52,98.25 2 0
ultra-bis/internal/diary/repository.go:98.25,100.3 1 0
ultra-bis/internal/diary/repository.go:102.2,102.30 1 0
ultra-bis/internal/diary/repository.go:102.30,104.3 1 0
ultra-bis/internal/diary/repository.go:106.2,106.12 1 0
ultra-bis/internal/diary/repository.go:110.77,120.25 3 0
ultra-bis/internal/diary/repository.go:120.25,122.3 1 0
ultra-bis/internal/diary/repository.go:124.2,124.21 1 0
ultra-bis/internal/diary/repository.go:128.95,145.16 5 1
ultra-bis/internal/diary/repository.go:145.16,147.3 1 0
ultra-bis/internal/diary/repository.go:149.2,155.8 1 1
ultra-bis/internal/diary/repository.go:159.59,160.26 1 1
ultra-bis/internal/diary/repository.go:160.26,164.26 2 1
ultra-bis/internal/diary/repository.go:164.26,167.18 3 1
ultra-bis/internal/diary/repository.go:167.18,169.5 1 1
ultra-bis/internal/diary/repository.go:173.3,173.28 1 1
ultra-bis/internal/diary/repository.go:173.28,176.18 3 0
ultra-bis/internal/diary/repository.go:176.18,178.5 1 0
ultra-bis/internal/diary/router.go:11.59,14.99 1 0
ultra-bis/internal/diary/router.go:14.99,15.19 1 0
ultra-bis/internal/diary/router.go:16.23,17.28 1 0
ultra-bis/internal/diary/router.go:18.24,19.29 1 0
ultra-bis/internal/diary/router.go:20.11,21.68 1 0
ultra-bis/internal/diary/router.go:25.2,25.100 1 0
ultra-bis/internal/diary/router.go:25.100,26.62 1 0
ultra-bis/internal/diary/router.go:26.62,29.4 2 0
ultra-bis/internal/diary/router.go:31.3,31.19 1 0
ultra-bis/internal/diary/router.go:32.23,33.29 1 0
ultra-bis/internal/diary/router.go:34.26,35.29 1 0
ultra-bis/internal/diary/router.go:36.11,37.68 1 0
ultra-bis/internal/diary/router.go:41.2,42.79 2 0
ultra-bis/internal/goal/diet_calculator.go:49.66,50.19 1 0
ultra-bis/internal/goal/diet_calculator.go:51.20,52.40 1 0
ultra-bis/internal/goal/diet_calculator.go:53.10,54.96 1 0
ultra-bis/internal/goal/diet_calculator.go:59.76,62.16 2 0
ultra-bis/internal/goal/diet_calculator.go:62.16,64.3 1 0
ultra-bis/internal/goal/diet_calculator.go:67.2,67.54 1 0
ultra-bis/internal/goal/diet_calculator.go:67.54,69.3 1 0
ultra-bis/internal/goal/diet_calculator.go:72.2,72.66 1 0
ultra-bis/internal/goal/diet_calculator.go:72.66,74.3 1 0
ultra-bis/internal/goal/diet_calculator.go:76.2,76.12 1 0
ultra-bis/internal/goal/handler.go:22.71,24.2 1 0
ultra-bis/internal/goal/handler.go:32.69,36.2 3 0
ultra-bis/internal/goal/handler.go:39.68,41.2 1 0
ultra-bis/internal/goal/handler.go:44.70,45.33 1 0
ultra-bis/internal/goal/handler.go:45.33,48.3 2 0
ultra-bis/internal/goal/handler.go:50.2,51.9 2 0
ultra-bis/internal/goal/handler.go:51.9,54.3 2 0
ultra-bis/internal/goal/handler.go:56.2,57.61 2 0
ultra-bis/internal/goal/handler.go:57.61,60.3 2 0
ultra-bis/internal/goal/handler.go:63.2,64.24 2 0
ultra-bis/internal/goal/handler.go:64.24,66.3 1 0
ultra-bis/internal/goal/handler.go:68.2,69.49 2 0
ultra-bis/internal/goal/handler.go:69.49,71.3 1 0
ultra-bis/internal/goal/handler.go:73.2,85.44 2 0
ultra-bis/internal/goal/handler.go:85.44,88.3 2 0
ultra-bis/internal/goal/handler.go:90.2,90.40 1 0
ultra-bis/internal/goal/handler.go:94.73,95.32 1 0
ultra-bis/internal/goal/handler.go:95.32,98.3 2 0
ultra-bis/internal/goal/handler.go:100.2,101.9 2 0
ultra-bis/internal/goal/handler.go:101.9,104.3 2 0
ultra-bis/internal/goal/handler.go:106.2,107.16 2 0
ultra-bis/internal/goal/handler.go:107.16,110.3 2 0
ultra-bis/internal/goal/handler.go:112.2,112.35 1 0
ultra-bis/internal/goal/handler.go:116.71,117.32 1 0
ultra-bis/internal/goal/handler.go:117.32,120.3 2 0
ultra-bis/internal/goal/handler.go:122.2,123.9 2 0
ultra-bis/internal/goal/handler.go:123.9,126.3 2 0
ultra-bis/internal/goal/handler.go:128.2,129.16 2 0
ultra-bis/internal/goal/handler.go:129.16,132.3 2 0
ultra-bis/internal/goal/handler.go:134.2,134.36 1 0
ultra-bis/internal/goal/handler.go:138.70,139.32 1 0
ultra-bis/internal/goal/handler.go:139.32,142.3 2 0
ultra-bis/internal/goal/handler.go:144.2,145.9 2 0
ultra-bis/internal/goal/handler.go:145.9,148.3 2 0
ultra-bis/internal/goal/handler.go:150.2,151.16 2 0
ultra-bis/internal/goal/handler.go:151.16,154.3 2 0
ultra-bis/internal/goal/handler.go:156.2,157.61 2 0
ultra-bis/internal/goal/handler.go:157.61,160.3 2 0
ultra-bis/internal/goal/handler.go:162.2,163.16 2 0
ultra-bis/internal/goal/handler.go:163.16,166.3 2 0
ultra-bis/internal/goal/handler.go:169.2,169.22 1 0
ultra-bis/internal/goal/handler.go:169.22,171.3 1 0
ultra-bis/internal/goal/handler.go:172.2,172.21 1 0
ultra-bis/internal/goal/handler.go:172.21,174.3 1 0
ultra-bis/internal/goal/handler.go:175.2,175.19 1 0
ultra-bis/internal/goal/handler.go:175.19,177.3 1 0
ultra-bis/internal/goal/handler.go:178.2,178.17 1 0
ultra-bis/internal/goal/handler.go:178.17,180.3 1 0
ultra-bis/internal/goal/handler.go:181.2,181.19 1 0
ultra-bis/internal/goal/handler.go:181.19,183.3 1 0
ultra-bis/internal/goal/handler.go:184.2,184.24 1 0
ultra-bis/internal/goal/handler.go:184.24,186.3 1 0
ultra-bis/internal/goal/handler.go:188.2,188.44 1 0
ultra-bis/internal/goal/handler.go:188.44,191.3 2 0
ultra-bis/internal/goal/handler.go:193.2,193.35 1 0
ultra-bis/internal/goal/handler.go:197.70,198.35 1 0
ultra-bis/internal/goal/handler.go:198.35,201.3 2 0
ultra-bis/internal/goal/handler.go:203.2,204.9 2 0
ultra-bis/internal/goal/handler.go:204.9,207.3 2 0
ultra-bis/internal/goal/handler.go:209.2,210.16 2 0
ultra-bis/internal/goal/handler.go:210.16,213.3 2 0
ultra-bis/internal/goal/handler.go:215.2,215.56 1 0
ultra-bis/internal/goal/handler.go:215.56,218.3 2 0
ultra-bis/internal/goal/handler.go:220.2,220.37 1 0
ultra-bis/internal/goal/handler.go:224.79,225.33 1 0
ultra-bis/internal/goal/handler.go:225.33,228.3 2 0
ultra-bis/internal/goal/handler.go:230.2,231.9 2 0
ultra-bis/internal/goal/handler.go:231.9,234.3 2 0
ultra-bis/internal/goal/handler.go:237.2,238.16 2 0
ultra-bis/internal/goal/handler.go:238.16,241.3 2 0
ultra-bis/internal/goal/handler.go:243.2,244.61 2 0
ultra-bis/internal/goal/handler.go:244.61,247.3 2 0
ultra-bis/internal/goal/handler.go:250.2,257.35 5 0
ultra-bis/internal/goal/handler.go:257.35,262.3 3 0
ultra-bis/internal/goal/handler.go:262.8,262.42 1 0
ultra-bis/internal/goal/handler.go:262.42,267.3 3 0
ultra-bis/internal/goal/handler.go:267.8,270.3 2 0
ultra-bis/internal/goal/handler.go:273.2,287.39 6 0
ultra-bis/internal/goal/handler.go:291.78,292.33 1 0
ultra-bis/internal/goal/handler.go:292.33,295.3 2 0
ultra-bis/internal/goal/handler.go:297.2,298.9 2 0
ultra-bis/internal/goal/handler.go:298.9,301.3 2 0
ultra-bis/internal/goal/handler.go:303.2,304.61 2 0
ultra-bis/internal/goal/handler.go:304.61,307.3 2 0
ultra-bis/internal/goal/handler.go:310.2,311.16 2 0
ultra-bis/internal/goal/handler.go:311.16,314.3 2 0
ultra-bis/internal/goal/handler.go:317.2,317.56 1 0
ultra-bis/internal/goal/handler.go:317.56,320.3 2 0
ultra-bis/internal/goal/handler.go:323.2,324.16 2 0
ultra-bis/internal/goal/handler.go:324.16,327.3 2 0
ultra-bis/internal/goal/handler.go:330.2,331.16 2 0
ultra-bis/internal/goal/handler.go:331.16,334.3 2 0
ultra-bis/internal/goal/handler.go:337.2,339.39 2 0
ultra-bis/internal/goal/handler.go:343.90,346.38 2 0
ultra-bis/internal/goal/handler.go:346.38,355.3 1 0
ultra-bis/internal/goal/handler.go:357.2,366.3 1 0
ultra-bis/internal/goal/handler.go:370.71,371.22 1 0
ultra-bis/internal/goal/handler.go:371.22,373.3 1 0
ultra-bis/internal/goal/handler.go:374.2,374.58 1 0
ultra-bis/internal/goal/handler.go:378.62,379.15 1 0
ultra-bis/internal/goal/handler.go:380.22,381.13 1 0
ultra-bis/internal/goal/handler.go:382.26,383.15 1 0
ultra-bis/internal/goal/handler.go:384.29,385.14 1 0
ultra-bis/internal/goal/handler.go:386.23,387.15 1 0
ultra-bis/internal/goal/handler.go:388.24,389.13 1 0
ultra-bis/internal/goal/handler.go:390.10,391.14 1 0
ultra-bis/internal/goal/handler.go:396.77,397.32 1 0
ultra-bis/internal/goal/handler.go:397.32,400.3 2 0
ultra-bis/internal/goal/handler.go:403.2,435.39 2 0
ultra-bis/internal/goal/handler.go:439.50,442.2 2 0
ultra-bis/internal/goal/model.go:17.46,22.16 3 0
ultra-bis/internal/goal/model.go:22.16,25.3 2 0
ultra-bis/internal/goal/model.go:28.2,29.16 2 0
ultra-bis/internal/goal/model.go:29.16,32.3 2 0
ultra-bis/internal/goal/model.go:34.2,34.12 1 0
ultra-bis/internal/goal/model.go:38.45,40.2 1 0
ultra-bis/internal/goal/repository.go:17.45,19.2 1 1
ultra-bis/internal/goal/repository.go:22.56,24.50 1 1
ultra-bis/internal/goal/repository.go:24.50,28.49 1 1
ultra-bis/internal/goal/repository.go:28.49,30.4 1 0
ultra-bis/internal/goal/repository.go:33.3,33.47 1 1
ultra-bis/internal/goal/repository.go:33.47,35.4 1 0
ultra-bis/internal/goal/repository.go:37.3,37.13 1 1
ultra-bis/internal/goal/repository.go:42.69,46.53 3 1
ultra-bis/internal/goal/repository.go:46.53,48.3 1 1
ultra-bis/internal/goal/repository.go:49.2,49.25 1 1
ultra-bis/internal/goal/repository.go:49.25,51.3 1 0
ultra-bis/internal/goal/repository.go:53.2,53.19 1 1
ultra-bis/internal/goal/repository.go:57.71,61.53 3 1
ultra-bis/internal/goal/repository.go:61.53,63.3 1 1
ultra-bis/internal/goal/repository.go:64.2,64.25 1 1
ultra-bis/internal/goal/repository.go:64.25,66.3 1 0
ultra-bis/internal/goal/repository.go:68.2,68.19 1 1
ultra-bis/internal/goal/repository.go:72.67,76.25 3 1
ultra-bis/internal/goal/repository.go:76.25,78.3 1 0
ultra-bis/internal/goal/repository.go:80.2,80.19 1 1
ultra-bis/internal/goal/repository.go:84.56,86.25 2 1
ultra-bis/internal/goal/repository.go:86.25,88.3 1 0
ultra-bis/internal/goal/repository.go:89.2,89.12 1 1
ultra-bis/internal/goal/repository.go:93.52,96.25 2 1
ultra-bis/internal/goal/repository.go:96.25,98.3 1 0
ultra-bis/internal/goal/repository.go:100.2,100.30 1 1
ultra-bis/internal/goal/repository.go:100.30,102.3 1 1
ultra-bis/internal/goal/repository.go:104.2,104.12 1 1
ultra-bis/internal/goal/repository.go:108.86,114.53 5 1
ultra-bis/internal/goal/repository.go:114.53,116.3 1 1
ultra-bis/internal/goal/repository.go:117.2,117.25 1 1
ultra-bis/internal/goal/repository.go:117.25,119.3 1 0
ultra-bis/internal/goal/repository.go:121.2,121.19 1 1
ultra-bis/internal/goal/router.go:11.59,13.91 1 0
ultra-bis/internal/goal/router.go:13.91,14.19 1 0
ultra-bis/internal/goal/router.go:15.23,16.31 1 0
ultra-bis/internal/goal/router.go:17.24,18.28 1 0
ultra-bis/internal/goal/router.go:19.11,20.68 1 0
ultra-bis/internal/goal/router.go:24.2,29.92 5 0
ultra-bis/internal/goal/router.go:29.92,30.54 1 0
ultra-bis/internal/goal/router.go:30.54,33.4 2 0
ultra-bis/internal/goal/router.go:35.3,35.19 1 0
ultra-bis/internal/goal/router.go:36.23,37.28 1 0
ultra-bis/internal/goal/router.go:38.26,39.28 1 0
ultra-bis/internal/goal/router.go:40.11,41.68 1 0
ultra-bis/internal/goal/zero2hero_service.go:12.54,14.2 1 0
ultra-bis/internal/goal/zero2hero_service.go:17.54,19.2 1 0
ultra-bis/internal/goal/zero2hero_service.go:22.68,23.19 1 0
ultra-bis/internal/goal/zero2hero_service.go:23.19,25.3 1 0
ultra-bis/internal/goal/zero2hero_service.go:26.2,26.22 1 0
ultra-bis/internal/goal/zero2hero_service.go:26.22,28.3 1 0
ultra-bis/internal/goal/zero2hero_service.go:29.2,29.22 1 0
ultra-bis/internal/goal/zero2hero_service.go:29.22,31.3 1 0
ultra-bis/internal/goal/zero2hero_service.go:32.2,32.46 1 0
ultra-bis/internal/goal/zero2hero_service.go:32.46,34.3 1 0
ultra-bis/internal/goal/zero2hero_service.go:35.2,35.12 1 0
ultra-bis/internal/goal/zero2hero_service.go:39.69,40.34 1 0
ultra-bis/internal/goal/zero2hero_service.go:40.34,42.3 1 0
ultra-bis/internal/goal/zero2hero_service.go:43.2,43.12 1 0
ultra-bis/internal/goal/zero2hero_service.go:47.69,48.18 1 0
ultra-bis/internal/goal/zero2hero_service.go:49.9,50.48 1 0
ultra-bis/internal/goal/zero2hero_service.go:51.9,52.50 1 0
ultra-bis/internal/goal/zero2hero_service.go:53.9,54.52 1 0
ultra-bis/internal/goal/zero2hero_service.go:55.9,56.51 1 0
ultra-bis/internal/goal/zero2hero_service.go:57.10,58.28 1 0
ultra-bis/internal/goal/zero2hero_service.go:63.105,86.2 3 0
ultra-bis/internal/goal/zero2hero_service.go:99.110,127.2 9 0
ultra-bis/internal/goal/zero2hero_service.go:130.126,133.18 2 0
ultra-bis/internal/goal/zero2hero_service.go:134.9,151.4 1 0
ultra-bis/internal/goal/zero2hero_service.go:153.9,160.4 1 0
ultra-bis/internal/goal/zero2hero_service.go:162.9,174.4 1 0
ultra-bis/internal/goal/zero2hero_service.go:176.9,193.4 1 0
ultra-bis/internal/goal/zero2hero_service.go:197.2,197.24 1 0
ultra-bis/internal/goal/zero2hero_service.go:197.24,199.3 1 0
ultra-bis/internal/goal/zero2hero_service.go:201.2,201.15 1 0
ultra-bis/internal/goal/zero2hero_service.go:205.118,222.2 8 0
